<?xml version="1.0" encoding="UTF-8"?>
<!-- Generated by org.testng.reporters.JUnitReportReporter -->
<testsuite hostname="Siddhesh" failures="0" tests="4" name="testCases.TC_VideogameAPI" time="7.335" errors="0" timestamp="2023-01-23T23:01:14 IST" skipped="0">
  <testcase classname="testCases.TC_VideogameAPI" name="postVideogame" time="5.006"/>
  <system-out/>
  <testcase classname="testCases.TC_VideogameAPI" name="getvideogamebyid" time="2.121"/>
  <system-out/>
  <testcase classname="testCases.TC_VideogameAPI" name="videogamepost" time="0.078"/>
  <system-out/>
  <testcase classname="testCases.TC_VideogameAPI" name="deletegame" time="0.130"/>
  <system-out/>
</testsuite> <!-- testCases.TC_VideogameAPI -->
